<?xml version="1.0" encoding="UTF-8"?>
<!-- Generated by org.testng.reporters.JUnitXMLReporter -->
<testsuite ignored="0" hostname="DESKTOP-DJ7K8IQ" failures="0" tests="3" name="Default test" time="17.101" errors="0" timestamp="2022-11-20T12:32:59 IST">
  <testcase classname="Testcases.RegisterPageTestcases" name="Tc_001" time="0.395"/>
  <testcase classname="Testcases.RegisterPageTestcases" name="Tc_002" time="2.758"/>
  <testcase classname="Testcases.RegisterPageTestcases" name="Tc_003" time="6.108"/>
</testsuite> <!-- Default test -->
