<?xml version="1.0" encoding="UTF-8"?>
<testng-results ignored="0" total="3" passed="3" failed="0" skipped="0">
  <reporter-output>
  </reporter-output>
  <suite started-at="2022-11-20T12:32:42 IST" name="Default suite" finished-at="2022-11-20T12:32:59 IST" duration-ms="17101">
    <groups>
    </groups>
    <test started-at="2022-11-20T12:32:42 IST" name="Default test" finished-at="2022-11-20T12:32:59 IST" duration-ms="17101">
      <class name="Testcases.RegisterPageTestcases">
        <test-method is-config="true" signature="setUp()[pri:0, instance:Testcases.RegisterPageTestcases@573906eb]" started-at="2022-11-20T12:32:42 IST" name="setUp" finished-at="2022-11-20T12:32:50 IST" duration-ms="7792" status="PASS">
          <reporter-output>
          </reporter-output>
        </test-method> <!-- setUp -->
        <test-method signature="Tc_001()[pri:0, instance:Testcases.RegisterPageTestcases@573906eb]" started-at="2022-11-20T12:32:50 IST" name="Tc_001" finished-at="2022-11-20T12:32:50 IST" duration-ms="395" status="PASS">
          <reporter-output>
          </reporter-output>
        </test-method> <!-- Tc_001 -->
        <test-method signature="Tc_002()[pri:1, instance:Testcases.RegisterPageTestcases@573906eb]" started-at="2022-11-20T12:32:50 IST" name="Tc_002" finished-at="2022-11-20T12:32:53 IST" duration-ms="2758" status="PASS">
          <reporter-output>
          </reporter-output>
        </test-method> <!-- Tc_002 -->
        <test-method signature="Tc_003()[pri:1, instance:Testcases.RegisterPageTestcases@573906eb]" started-at="2022-11-20T12:32:53 IST" name="Tc_003" finished-at="2022-11-20T12:32:59 IST" duration-ms="6108" status="PASS">
          <reporter-output>
          </reporter-output>
        </test-method> <!-- Tc_003 -->
      </class> <!-- Testcases.RegisterPageTestcases -->
    </test> <!-- Default test -->
  </suite> <!-- Default suite -->
</testng-results>
